<?xml version="1.0" encoding="UTF-8"?>
<!-- Generated by org.testng.reporters.JUnitReportReporter -->
<testsuite skipped="0" hostname="PNVD115" name="runner.TestRunner" tests="2" failures="0" timestamp="06 Jan 2020 01:25:56 GMT" time="91.586" errors="0">
  <testcase name="feature" time="18.761" classname="runner.TestRunner"/>
  <testcase name="feature" time="72.825" classname="runner.TestRunner"/>
</testsuite> <!-- runner.TestRunner -->
