<?xml version="1.0" encoding="UTF-8"?>
<!-- Generated by org.testng.reporters.JUnitReportReporter -->
<testsuite skipped="0" hostname="PNVD115" name="runner.TestRunner" tests="1" failures="0" timestamp="2020-01-06T10:49:07 ICT" time="20.978" errors="0">
  <testcase name="feature" time="20.978" classname="runner.TestRunner"/>
</testsuite> <!-- runner.TestRunner -->
